#
# There is insufficient memory for the Java Runtime Environment to continue.
# Native memory allocation (malloc) failed to allocate 1032176 bytes for Chunk::new
# Possible reasons:
#   The system is out of physical RAM or swap space
#   In 32 bit mode, the process size limit was hit
# Possible solutions:
#   Reduce memory load on the system
#   Increase physical memory or swap space
#   Check if swap backing store is full
#   Use 64 bit Java on a 64 bit OS
#   Decrease Java heap size (-Xmx/-Xms)
#   Decrease number of Java threads
#   Decrease Java thread stack sizes (-Xss)
#   Set larger code cache with -XX:ReservedCodeCacheSize=
# This output file may be truncated or incomplete.
#
#  Out of Memory Error (allocation.cpp:390), pid=6324, tid=6416
#
# JRE version: Java(TM) SE Runtime Environment (8.0_66-b18) (build 1.8.0_66-b18)
# Java VM: Java HotSpot(TM) 64-Bit Server VM (25.66-b18 mixed mode windows-amd64 compressed oops)
# Failed to write core dump. Minidumps are not enabled by default on client versions of Windows
#

---------------  T H R E A D  ---------------

Current thread (0x0000000014a9a000):  JavaThread "C2 CompilerThread0" daemon [_thread_in_native, id=6416, stack(0x0000000015ad0000,0x0000000015bd0000)]

Stack: [0x0000000015ad0000,0x0000000015bd0000]
[error occurred during error reporting (printing stack bounds), id 0xc0000005]

Native frames: (J=compiled Java code, j=interpreted, Vv=VM code, C=native code)


Current CompileTask:
C2: 136226 2707       4       com.android.dx.ssa.SsaConverter::placePhiFunctions (394 bytes)


---------------  P R O C E S S  ---------------

Java Threads: ( => current thread )
  0x0000000015f4f800 JavaThread "pool-1-thread-4" [_thread_in_Java, id=4912, stack(0x0000000016ed0000,0x0000000016fd0000)]
  0x0000000016256800 JavaThread "pool-1-thread-3" [_thread_in_Java, id=6388, stack(0x0000000016dd0000,0x0000000016ed0000)]
  0x0000000015f34800 JavaThread "pool-1-thread-2" [_thread_in_Java, id=4652, stack(0x0000000016cd0000,0x0000000016dd0000)]
  0x0000000015f31800 JavaThread "pool-2-thread-1" [_thread_blocked, id=4044, stack(0x0000000016bd0000,0x0000000016cd0000)]
  0x0000000015f2c800 JavaThread "pool-1-thread-1" [_thread_in_Java, id=1944, stack(0x0000000016ad0000,0x0000000016bd0000)]
  0x0000000014afb000 JavaThread "Service Thread" daemon [_thread_blocked, id=7048, stack(0x0000000015cd0000,0x0000000015dd0000)]
  0x0000000014af1800 JavaThread "C1 CompilerThread1" daemon [_thread_blocked, id=5776, stack(0x0000000015bd0000,0x0000000015cd0000)]
=>0x0000000014a9a000 JavaThread "C2 CompilerThread0" daemon [_thread_in_native, id=6416, stack(0x0000000015ad0000,0x0000000015bd0000)]
  0x0000000014a98000 JavaThread "Attach Listener" daemon [_thread_blocked, id=6856, stack(0x00000000159d0000,0x0000000015ad0000)]
  0x0000000014a95000 JavaThread "Signal Dispatcher" daemon [_thread_blocked, id=6544, stack(0x00000000158d0000,0x00000000159d0000)]
  0x0000000002602800 JavaThread "Finalizer" daemon [_thread_blocked, id=5596, stack(0x00000000156d0000,0x00000000157d0000)]
  0x00000000025fa800 JavaThread "Reference Handler" daemon [_thread_blocked, id=1604, stack(0x00000000155d0000,0x00000000156d0000)]
  0x0000000002510800 JavaThread "main" [_thread_in_Java, id=3764, stack(0x00000000023d0000,0x00000000024d0000)]

Other Threads:
  0x0000000014a66000 VMThread [stack: 0x00000000154d0000,0x00000000155d0000] [id=4816]
  0x0000000014b01800 WatcherThread [stack: 0x0000000015dd0000,0x0000000015ed0000] [id=4104]

VM state:not at safepoint (normal execution)

VM Mutex/Monitor currently owned by a thread: None

Heap:
 PSYoungGen      total 264704K, used 202157K [0x00000000eab00000, 0x00000000fe280000, 0x0000000100000000)
  eden space 219648K, 92% used [0x00000000eab00000,0x00000000f706b450,0x00000000f8180000)
  from space 45056K, 0% used [0x00000000f8500000,0x00000000f8500000,0x00000000fb100000)
  to   space 49664K, 0% used [0x00000000fb200000,0x00000000fb200000,0x00000000fe280000)
 ParOldGen       total 150528K, used 150465K [0x00000000c0000000, 0x00000000c9300000, 0x00000000eab00000)
  object space 150528K, 99% used [0x00000000c0000000,0x00000000c92f04b8,0x00000000c9300000)
 Metaspace       used 6486K, capacity 7192K, committed 7424K, reserved 1056768K
  class space    used 618K, capacity 656K, committed 768K, reserved 1048576K

Card table byte_map: [0x00000000119d0000,0x0000000011be0000] byte_map_base: 0x00000000113d0000

Marking Bits: (ParMarkBitMap*) 0x00000000621ca5b0
 Begin Bits: [0x0000000011f40000, 0x0000000012f40000)
 End Bits:   [0x0000000012f40000, 0x0000000013f40000)

Polling page: 0x0000000000ab0000

CodeCache: size=245760Kb used=10934Kb max_used=10961Kb free=234825Kb
 bounds [0x0000000002610000, 0x0000000003100000, 0x0000000011610000]
 total_blobs=2382 nmethods=2115 adapters=180
 compilation: enabled

Compilation events (10 events):
Event: 135.826 Thread 0x0000000014af1800 2702       3       com.android.dx.util.ListIntSet::<init> (23 bytes)
Event: 135.827 Thread 0x0000000014af1800 nmethod 2702 0x0000000002c7cb90 code [0x0000000002c7cd60, 0x0000000002c7d458]
Event: 135.828 Thread 0x0000000014a9a000 nmethod 2701 0x00000000029f9a90 code [0x00000000029f9be0, 0x00000000029f9cf8]
Event: 135.828 Thread 0x0000000014a9a000 2703 %     4       com.android.dx.ssa.DomFront::run @ 170 (264 bytes)
Event: 135.847 Thread 0x0000000014af1800 2708       3       com.android.dx.util.ListIntSet::iterator (9 bytes)
Event: 135.849 Thread 0x0000000014af1800 nmethod 2708 0x0000000002d28b10 code [0x0000000002d28c80, 0x0000000002d28ef0]
Event: 135.849 Thread 0x0000000014af1800 2709       3       com.android.dx.util.ListIntSet$1::hasNext (23 bytes)
Event: 135.850 Thread 0x0000000014af1800 nmethod 2709 0x0000000002c79d10 code [0x0000000002c79e80, 0x0000000002c7a0d0]
Event: 135.937 Thread 0x0000000014a9a000 nmethod 2703% 0x0000000002dc0f10 code [0x0000000002dc1120, 0x0000000002dc2738]
Event: 135.937 Thread 0x0000000014a9a000 2707       4       com.android.dx.ssa.SsaConverter::placePhiFunctions (394 bytes)

GC Heap History (10 events):
Event: 86.873 GC heap before
{Heap before GC invocations=13 (full 2):
 PSYoungGen      total 226304K, used 28545K [0x00000000eab00000, 0x00000000fdd00000, 0x0000000100000000)
  eden space 192000K, 0% used [0x00000000eab00000,0x00000000eab00000,0x00000000f6680000)
  from space 34304K, 83% used [0x00000000f6680000,0x00000000f8260780,0x00000000f8800000)
  to   space 38400K, 0% used [0x00000000fb780000,0x00000000fb780000,0x00000000fdd00000)
 ParOldGen       total 82944K, used 65089K [0x00000000c0000000, 0x00000000c5100000, 0x00000000eab00000)
  object space 82944K, 78% used [0x00000000c0000000,0x00000000c3f905d0,0x00000000c5100000)
 Metaspace       used 6441K, capacity 7192K, committed 7424K, reserved 1056768K
  class space    used 615K, capacity 656K, committed 768K, reserved 1048576K
Event: 96.407 GC heap after
Heap after GC invocations=13 (full 2):
 PSYoungGen      total 226304K, used 10505K [0x00000000eab00000, 0x00000000fdd00000, 0x0000000100000000)
  eden space 192000K, 0% used [0x00000000eab00000,0x00000000eab00000,0x00000000f6680000)
  from space 34304K, 30% used [0x00000000f6680000,0x00000000f70c27b0,0x00000000f8800000)
  to   space 38400K, 0% used [0x00000000fb780000,0x00000000fb780000,0x00000000fdd00000)
 ParOldGen       total 150528K, used 82592K [0x00000000c0000000, 0x00000000c9300000, 0x00000000eab00000)
  object space 150528K, 54% used [0x00000000c0000000,0x00000000c50a83f8,0x00000000c9300000)
 Metaspace       used 6441K, capacity 7192K, committed 7424K, reserved 1056768K
  class space    used 615K, capacity 656K, committed 768K, reserved 1048576K
}
Event: 106.540 GC heap before
{Heap before GC invocations=14 (full 2):
 PSYoungGen      total 226304K, used 202505K [0x00000000eab00000, 0x00000000fdd00000, 0x0000000100000000)
  eden space 192000K, 100% used [0x00000000eab00000,0x00000000f6680000,0x00000000f6680000)
  from space 34304K, 30% used [0x00000000f6680000,0x00000000f70c27b0,0x00000000f8800000)
  to   space 38400K, 0% used [0x00000000fb780000,0x00000000fb780000,0x00000000fdd00000)
 ParOldGen       total 150528K, used 82592K [0x00000000c0000000, 0x00000000c9300000, 0x00000000eab00000)
  object space 150528K, 54% used [0x00000000c0000000,0x00000000c50a83f8,0x00000000c9300000)
 Metaspace       used 6467K, capacity 7192K, committed 7424K, reserved 1056768K
  class space    used 616K, capacity 656K, committed 768K, reserved 1048576K
Event: 106.869 GC heap after
Heap after GC invocations=14 (full 2):
 PSYoungGen      total 244224K, used 38372K [0x00000000eab00000, 0x00000000fdd00000, 0x0000000100000000)
  eden space 205824K, 0% used [0x00000000eab00000,0x00000000eab00000,0x00000000f7400000)
  from space 38400K, 99% used [0x00000000fb780000,0x00000000fdcf9238,0x00000000fdd00000)
  to   space 45056K, 0% used [0x00000000f8500000,0x00000000f8500000,0x00000000fb100000)
 ParOldGen       total 150528K, used 83704K [0x00000000c0000000, 0x00000000c9300000, 0x00000000eab00000)
  object space 150528K, 55% used [0x00000000c0000000,0x00000000c51be0d8,0x00000000c9300000)
 Metaspace       used 6467K, capacity 7192K, committed 7424K, reserved 1056768K
  class space    used 616K, capacity 656K, committed 768K, reserved 1048576K
}
Event: 115.510 GC heap before
{Heap before GC invocations=15 (full 2):
 PSYoungGen      total 244224K, used 244196K [0x00000000eab00000, 0x00000000fdd00000, 0x0000000100000000)
  eden space 205824K, 100% used [0x00000000eab00000,0x00000000f7400000,0x00000000f7400000)
  from space 38400K, 99% used [0x00000000fb780000,0x00000000fdcf9238,0x00000000fdd00000)
  to   space 45056K, 0% used [0x00000000f8500000,0x00000000f8500000,0x00000000fb100000)
 ParOldGen       total 150528K, used 83704K [0x00000000c0000000, 0x00000000c9300000, 0x00000000eab00000)
  object space 150528K, 55% used [0x00000000c0000000,0x00000000c51be0d8,0x00000000c9300000)
 Metaspace       used 6476K, capacity 7192K, committed 7424K, reserved 1056768K
  class space    used 617K, capacity 656K, committed 768K, reserved 1048576K
Event: 115.775 GC heap after
Heap after GC invocations=15 (full 2):
 PSYoungGen      total 264704K, used 35482K [0x00000000eab00000, 0x00000000fe280000, 0x0000000100000000)
  eden space 219648K, 0% used [0x00000000eab00000,0x00000000eab00000,0x00000000f8180000)
  from space 45056K, 78% used [0x00000000f8500000,0x00000000fa7a6898,0x00000000fb100000)
  to   space 49664K, 0% used [0x00000000fb200000,0x00000000fb200000,0x00000000fe280000)
 ParOldGen       total 150528K, used 122183K [0x00000000c0000000, 0x00000000c9300000, 0x00000000eab00000)
  object space 150528K, 81% used [0x00000000c0000000,0x00000000c7751f58,0x00000000c9300000)
 Metaspace       used 6476K, capacity 7192K, committed 7424K, reserved 1056768K
  class space    used 617K, capacity 656K, committed 768K, reserved 1048576K
}
Event: 115.775 GC heap before
{Heap before GC invocations=16 (full 3):
 PSYoungGen      total 264704K, used 35482K [0x00000000eab00000, 0x00000000fe280000, 0x0000000100000000)
  eden space 219648K, 0% used [0x00000000eab00000,0x00000000eab00000,0x00000000f8180000)
  from space 45056K, 78% used [0x00000000f8500000,0x00000000fa7a6898,0x00000000fb100000)
  to   space 49664K, 0% used [0x00000000fb200000,0x00000000fb200000,0x00000000fe280000)
 ParOldGen       total 150528K, used 122183K [0x00000000c0000000, 0x00000000c9300000, 0x00000000eab00000)
  object space 150528K, 81% used [0x00000000c0000000,0x00000000c7751f58,0x00000000c9300000)
 Metaspace       used 6476K, capacity 7192K, committed 7424K, reserved 1056768K
  class space    used 617K, capacity 656K, committed 768K, reserved 1048576K
Event: 117.898 GC heap after
Heap after GC invocations=16 (full 3):
 PSYoungGen      total 264704K, used 5165K [0x00000000eab00000, 0x00000000fe280000, 0x0000000100000000)
  eden space 219648K, 0% used [0x00000000eab00000,0x00000000eab00000,0x00000000f8180000)
  from space 45056K, 11% used [0x00000000f8500000,0x00000000f8a0b578,0x00000000fb100000)
  to   space 49664K, 0% used [0x00000000fb200000,0x00000000fb200000,0x00000000fe280000)
 ParOldGen       total 150528K, used 150345K [0x00000000c0000000, 0x00000000c9300000, 0x00000000eab00000)
  object space 150528K, 99% used [0x00000000c0000000,0x00000000c92d27e8,0x00000000c9300000)
 Metaspace       used 6476K, capacity 7192K, committed 7424K, reserved 1056768K
  class space    used 617K, capacity 656K, committed 768K, reserved 1048576K
}
Event: 127.555 GC heap before
{Heap before GC invocations=17 (full 4):
 PSYoungGen      total 264704K, used 224813K [0x00000000eab00000, 0x00000000fe280000, 0x0000000100000000)
  eden space 219648K, 100% used [0x00000000eab00000,0x00000000f8180000,0x00000000f8180000)
  from space 45056K, 11% used [0x00000000f8500000,0x00000000f8a0b578,0x00000000fb100000)
  to   space 49664K, 0% used [0x00000000fb200000,0x00000000fb200000,0x00000000fe280000)
 ParOldGen       total 150528K, used 150345K [0x00000000c0000000, 0x00000000c9300000, 0x00000000eab00000)
  object space 150528K, 99% used [0x00000000c0000000,0x00000000c92d27e8,0x00000000c9300000)
 Metaspace       used 6478K, capacity 7192K, committed 7424K, reserved 1056768K
  class space    used 617K, capacity 656K, committed 768K, reserved 1048576K
Event: 135.622 GC heap after
Heap after GC invocations=17 (full 4):
 PSYoungGen      total 264704K, used 101267K [0x00000000eab00000, 0x00000000fe280000, 0x0000000100000000)
  eden space 219648K, 46% used [0x00000000eab00000,0x00000000f0de4ca0,0x00000000f8180000)
  from space 45056K, 0% used [0x00000000f8500000,0x00000000f8500000,0x00000000fb100000)
  to   space 49664K, 0% used [0x00000000fb200000,0x00000000fb200000,0x00000000fe280000)
 ParOldGen       total 150528K, used 150465K [0x00000000c0000000, 0x00000000c9300000, 0x00000000eab00000)
  object space 150528K, 99% used [0x00000000c0000000,0x00000000c92f04b8,0x00000000c9300000)
 Metaspace       used 6478K, capacity 7192K, committed 7424K, reserved 1056768K
  class space    used 617K, capacity 656K, committed 768K, reserved 1048576K
}

Deoptimization events (10 events):
Event: 114.172 Thread 0x0000000015f34800 Uncommon trap: reason=class_check action=maybe_recompile pc=0x0000000002981b10 method=com.android.dx.rop.cst.CstLiteral64.equals(Ljava/lang/Object;)Z @ 20
Event: 114.173 Thread 0x0000000015f34800 Uncommon trap: reason=class_check action=maybe_recompile pc=0x0000000002981b10 method=com.android.dx.rop.cst.CstLiteral64.equals(Ljava/lang/Object;)Z @ 20
Event: 115.252 Thread 0x0000000015f4f800 Uncommon trap: reason=unstable_if action=reinterpret pc=0x000000000291b298 method=java.util.HashMap.putVal(ILjava/lang/Object;Ljava/lang/Object;ZZ)Ljava/lang/Object; @ 206
Event: 118.347 Thread 0x0000000015f4f800 Uncommon trap: reason=bimorphic action=maybe_recompile pc=0x00000000030f081c method=com.android.dx.cf.code.BytecodeArray.parseInstruction(ILcom/android/dx/cf/code/BytecodeArray$Visitor;)I @ 1357
Event: 118.347 Thread 0x0000000015f4f800 Uncommon trap: reason=bimorphic action=maybe_recompile pc=0x00000000030f081c method=com.android.dx.cf.code.BytecodeArray.parseInstruction(ILcom/android/dx/cf/code/BytecodeArray$Visitor;)I @ 1357
Event: 135.680 Thread 0x0000000015f2c800 Uncommon trap: reason=predicate action=maybe_recompile pc=0x0000000002e6ac84 method=com.android.dx.ssa.DomFront.run()[Lcom/android/dx/ssa/DomFront$DomInfo; @ 175
Event: 135.846 Thread 0x0000000015f2c800 Uncommon trap: reason=class_check action=maybe_recompile pc=0x0000000002e1f1a0 method=com.android.dx.ssa.SsaConverter.placePhiFunctions(Lcom/android/dx/ssa/SsaMethod;Lcom/android/dx/ssa/LocalVariableInfo;I)V @ 257
Event: 135.851 Thread 0x0000000015f2c800 Uncommon trap: reason=class_check action=maybe_recompile pc=0x0000000002e4eb48 method=com.android.dx.ssa.SsaConverter.placePhiFunctions(Lcom/android/dx/ssa/SsaMethod;Lcom/android/dx/ssa/LocalVariableInfo;I)V @ 257
Event: 135.852 Thread 0x0000000015f2c800 Uncommon trap: reason=class_check action=maybe_recompile pc=0x0000000002e4eb48 method=com.android.dx.ssa.SsaConverter.placePhiFunctions(Lcom/android/dx/ssa/SsaMethod;Lcom/android/dx/ssa/LocalVariableInfo;I)V @ 257
Event: 135.853 Thread 0x0000000015f2c800 Uncommon trap: reason=class_check action=maybe_recompile pc=0x0000000002e4eb48 method=com.android.dx.ssa.SsaConverter.placePhiFunctions(Lcom/android/dx/ssa/SsaMethod;Lcom/android/dx/ssa/LocalVariableInfo;I)V @ 257

Internal exceptions (6 events):
Event: 0.684 Thread 0x0000000002510800 Exception <a 'java/lang/NoSuchMethodError': Method sun.misc.Unsafe.defineClass(Ljava/lang/String;[BII)Ljava/lang/Class; name or signature does not match> (0x00000000eab0d4c8) thrown at [C:\re\workspace\8-2-build-windows-amd64-cygwin\jdk8u66\5298\hotspot\srq>‹Ï®âå?
Event: 0.684 Thread 0x0000000002510800 Exception <a 'java/lang/NoSuchMethodError': Method sun.misc.Unsafe.prefetchRead(Ljava/lang/Object;J)V name or signature does not match> (0x00000000eab0d7b0) thrown at [C:\re\workspace\8-2-build-windows-amd64-cygwin\jdk8u66\5298\hotspot\src\share\vm\prims\jÚ|xè#F@
Event: 44.110 Thread 0x0000000015f34800 Exception <a 'java/lang/ArrayIndexOutOfBoundsException': 18> (0x00000000ebe02908) thrown at [C:\re\workspace\8-2-build-windows-amd64-cygwin\jdk8u66\5298\hotspot\src\share\vm\interpreter\interpreterRuntime.cpp, line 366]
Event: 44.113 Thread 0x0000000015f34800 Exception <a 'java/lang/ArrayIndexOutOfBoundsException'> (0x00000000ebe04488) thrown at [C:\re\workspace\8-2-build-windows-amd64-cygwin\jdk8u66\5298\hotspot\src\share\vm\runtime\sharedRuntime.cpp, line 605]
Event: 44.150 Thread 0x0000000015f34800 Exception <a 'java/lang/ArrayIndexOutOfBoundsException'> (0x00000000ebe05770) thrown at [C:\re\workspace\8-2-build-windows-amd64-cygwin\jdk8u66\5298\hotspot\src\share\vm\runtime\sharedRuntime.cpp, line 605]
Event: 60.344 Thread 0x0000000015f34800 Implicit null exception at 0x0000000002d8c869 to 0x0000000002d8cbed

Events (10 events):
Event: 135.846 loading class com/android/dx/util/ListIntSet$1 done
Event: 135.851 Thread 0x0000000015f2c800 Uncommon trap: trap_request=0xffffffde fr.pc=0x0000000002e4eb48
Event: 135.851 Thread 0x0000000015f2c800 DEOPT PACKING pc=0x0000000002e4eb48 sp=0x0000000016bce620
Event: 135.851 Thread 0x0000000015f2c800 DEOPT UNPACKING pc=0x000000000265582a sp=0x0000000016bce648 mode 2
Event: 135.852 Thread 0x0000000015f2c800 Uncommon trap: trap_request=0xffffffde fr.pc=0x0000000002e4eb48
Event: 135.852 Thread 0x0000000015f2c800 DEOPT PACKING pc=0x0000000002e4eb48 sp=0x0000000016bce620
Event: 135.852 Thread 0x0000000015f2c800 DEOPT UNPACKING pc=0x000000000265582a sp=0x0000000016bce648 mode 2
Event: 135.853 Thread 0x0000000015f2c800 Uncommon trap: trap_request=0xffffffde fr.pc=0x0000000002e4eb48
Event: 135.853 Thread 0x0000000015f2c800 DEOPT PACKING pc=0x0000000002e4eb48 sp=0x0000000016bce620
Event: 135.853 Thread 0x0000000015f2c800 DEOPT UNPACKING pc=0x000000000265582a sp=0x0000000016bce648 mode 2


Dynamic libraries:
0x00007ff785350000 - 0x00007ff785387000 	C:\Program Files\Java\jdk1.8.0_66\bin\java.exe
0x00007ff9eefd0000 - 0x00007ff9ef191000 	C:\WINDOWS\SYSTEM32\ntdll.dll
0x00007ff9ed4c0000 - 0x00007ff9ed56d000 	C:\WINDOWS\system32\KERNEL32.DLL
0x00007ff9ebd80000 - 0x00007ff9ebf5d000 	C:\WINDOWS\system32\KERNELBASE.dll
0x00007ff9ed410000 - 0x00007ff9ed4b6000 	C:\WINDOWS\system32\ADVAPI32.dll
0x00007ff9ecd00000 - 0x00007ff9ecd9d000 	C:\WINDOWS\system32\msvcrt.dll
0x00007ff9ecf30000 - 0x00007ff9ecf8b000 	C:\WINDOWS\system32\sechost.dll
0x00007ff9ed6d0000 - 0x00007ff9ed7f6000 	C:\WINDOWS\system32\RPCRT4.dll
0x00007ff9ed230000 - 0x00007ff9ed37e000 	C:\WINDOWS\system32\USER32.dll
0x00007ff9ecda0000 - 0x00007ff9ecf26000 	C:\WINDOWS\system32\GDI32.dll
0x00007ff9ddf20000 - 0x00007ff9de194000 	C:\WINDOWS\WinSxS\amd64_microsoft.windows.common-controls_6595b64144ccf1df_6.0.10240.16384_none_f41f7b285750ef43\COMCTL32.dll
0x00007ff9ec6a0000 - 0x00007ff9ec6d6000 	C:\WINDOWS\system32\IMM32.DLL
0x00007ff9eca90000 - 0x00007ff9ecbec000 	C:\WINDOWS\system32\MSCTF.dll
0x0000000061500000 - 0x00000000615d2000 	C:\Program Files\Java\jdk1.8.0_66\jre\bin\msvcr100.dll
0x00000000619c0000 - 0x0000000062249000 	C:\Program Files\Java\jdk1.8.0_66\jre\bin\server\jvm.dll
0x00007ff9ed570000 - 0x00007ff9ed578000 	C:\WINDOWS\system32\PSAPI.DLL
0x00007ff9e08d0000 - 0x00007ff9e08d9000 	C:\WINDOWS\SYSTEM32\WSOCK32.dll
0x00007ff9ed380000 - 0x00007ff9ed3e9000 	C:\WINDOWS\system32\WS2_32.dll
0x00007ff9eca80000 - 0x00007ff9eca88000 	C:\WINDOWS\system32\NSI.dll
0x00007ff9e9f70000 - 0x00007ff9e9f93000 	C:\WINDOWS\SYSTEM32\WINMM.dll
0x00007ff9e08c0000 - 0x00007ff9e08ca000 	C:\WINDOWS\SYSTEM32\VERSION.dll
0x00007ff9e9d30000 - 0x00007ff9e9d5c000 	C:\WINDOWS\SYSTEM32\WINMMBASE.dll
0x00007ff9ec650000 - 0x00007ff9ec694000 	C:\WINDOWS\system32\cfgmgr32.dll
0x00007ff9ea2d0000 - 0x00007ff9ea2f7000 	C:\WINDOWS\SYSTEM32\DEVOBJ.dll
0x00000000619b0000 - 0x00000000619bf000 	C:\Program Files\Java\jdk1.8.0_66\jre\bin\verify.dll
0x0000000061980000 - 0x00000000619a9000 	C:\Program Files\Java\jdk1.8.0_66\jre\bin\java.dll
0x0000000061960000 - 0x0000000061976000 	C:\Program Files\Java\jdk1.8.0_66\jre\bin\zip.dll
0x00007ff9ed800000 - 0x00007ff9eed22000 	C:\WINDOWS\system32\SHELL32.dll
0x00007ff9ec020000 - 0x00007ff9ec648000 	C:\WINDOWS\system32\windows.storage.dll
0x00007ff9ec7a0000 - 0x00007ff9eca1c000 	C:\WINDOWS\system32\combase.dll
0x00007ff9eeda0000 - 0x00007ff9eedf1000 	C:\WINDOWS\system32\shlwapi.dll
0x00007ff9eba90000 - 0x00007ff9eba9f000 	C:\WINDOWS\system32\kernel.appcore.dll
0x00007ff9ebf60000 - 0x00007ff9ec013000 	C:\WINDOWS\system32\shcore.dll
0x00007ff9eba40000 - 0x00007ff9eba8a000 	C:\WINDOWS\system32\powrprof.dll
0x00007ff9eba20000 - 0x00007ff9eba33000 	C:\WINDOWS\system32\profapi.dll

VM Arguments:
jvm_args: -Xmx1024M -Dfile.encoding=windows-1252 -Duser.country=AR -Duser.language=es -Duser.variant 
java_command: com.android.dx.command.Main --dex --num-threads=4 --output F:\Users\Emmanuel\Google Drive\Projects\Android Studio\TacticalDefence\app\build\intermediates\dex\debug F:\Users\Emmanuel\Google Drive\Projects\Android Studio\TacticalDefence\app\build\intermediates\classes-proguard\debug\classes.jar
java_class_path (initial): F:\Users\alumno\AppData\Local\Android\sdk\build-tools\23.0.2\lib\dx.jar
Launcher Type: SUN_STANDARD

Environment Variables:
JAVA_HOME=C:\Program Files\Java\jdk1.8.0_66
PATH=C:\Program Files\Java\jdk1.8.0_66\bin;C:\Program Files (x86)\NVIDIA Corporation\PhysX\Common;C:\Program Files (x86)\Intel\TXE Components\TCS\;C:\Program Files\Intel\TXE Components\TCS\;C:\WINDOWS\system32;C:\WINDOWS;C:\WINDOWS\System32\Wbem;C:\WINDOWS\System32\WindowsPowerShell\v1.0\;C:\Program Files (x86)\Common Files\Intel Education\Application Support;C:\Program Files (x86)\Security Innovation\TSS\bin\;C:\Program Files (x86)\Windows Live\Shared;F:\Users\alumno\AppData\Local\Android\sdk\platform-tools;C:\Program Files (x86)\Skype\Phone\;C:\Program Files\Microsoft SQL Server\120\Tools\Binn\;F:\MinGW\bin
USERNAME=alumno
OS=Windows_NT
PROCESSOR_IDENTIFIER=Intel64 Family 6 Model 55 Stepping 3, GenuineIntel



---------------  S Y S T E M  ---------------

OS: Windows 10.0 , 64 bit Build 10240 (10.0.10240.16384)

CPU:total 2 (2 cores per cpu, 1 threads per core) family 6 model 55 stepping 3, cmov, cx8, fxsr, mmx, sse, sse2, sse3, ssse3, sse4.1, sse4.2, popcnt, clmul, erms, 3dnowpref, tsc, tscinvbit

Memory: 4k page, physical 4068796k(207000k free), swap 5547488k(6628k free)

vm_info: Java HotSpot(TM) 64-Bit Server VM (25.66-b18) for windows-amd64 JRE (1.8.0_66-b18), built on Nov  9 2015 10:51:13 by "java_re" with MS VC++ 10.0 (VS2010)

time: Fri Nov 20 21:16:00 2015
elapsed time: 144 seconds (0d 0h 2m 24s)

