#
# There is insufficient memory for the Java Runtime Environment to continue.
# Native memory allocation (malloc) failed to allocate 339536 bytes for Chunk::new
# Possible reasons:
#   The system is out of physical RAM or swap space
#   In 32 bit mode, the process size limit was hit
# Possible solutions:
#   Reduce memory load on the system
#   Increase physical memory or swap space
#   Check if swap backing store is full
#   Use 64 bit Java on a 64 bit OS
#   Decrease Java heap size (-Xmx/-Xms)
#   Decrease number of Java threads
#   Decrease Java thread stack sizes (-Xss)
#   Set larger code cache with -XX:ReservedCodeCacheSize=
# This output file may be truncated or incomplete.
#
#  Out of Memory Error (allocation.cpp:390), pid=7728, tid=7496
#
# JRE version: Java(TM) SE Runtime Environment (8.0_66-b18) (build 1.8.0_66-b18)
# Java VM: Java HotSpot(TM) 64-Bit Server VM (25.66-b18 mixed mode windows-amd64 compressed oops)
# Failed to write core dump. Minidumps are not enabled by default on client versions of Windows
#

---------------  T H R E A D  ---------------

Current thread (0x0000000014969800):  JavaThread "C2 CompilerThread0" daemon [_thread_in_native, id=7496, stack(0x00000000159a0000,0x0000000015aa0000)]

Stack: [0x00000000159a0000,0x0000000015aa0000]
[error occurred during error reporting (printing stack bounds), id 0xc0000005]

Native frames: (J=compiled Java code, j=interpreted, Vv=VM code, C=native code)


Current CompileTask:
C2:  84735 2469       4       com.android.dx.dex.cf.CfTranslator::translate0 (259 bytes)


---------------  P R O C E S S  ---------------

Java Threads: ( => current thread )
  0x0000000015fbc000 JavaThread "pool-1-thread-4" [_thread_in_Java, id=4820, stack(0x0000000016da0000,0x0000000016ea0000)]
  0x0000000016013000 JavaThread "pool-1-thread-3" [_thread_in_Java, id=4340, stack(0x0000000016ca0000,0x0000000016da0000)]
  0x00000000160bb800 JavaThread "pool-1-thread-2" [_thread_blocked, id=7568, stack(0x0000000016ba0000,0x0000000016ca0000)]
  0x00000000160bf800 JavaThread "pool-2-thread-1" [_thread_blocked, id=6044, stack(0x0000000016aa0000,0x0000000016ba0000)]
  0x00000000162b2000 JavaThread "pool-1-thread-1" [_thread_in_Java, id=1412, stack(0x00000000169a0000,0x0000000016aa0000)]
  0x00000000149d5800 JavaThread "Service Thread" daemon [_thread_blocked, id=3296, stack(0x0000000015ba0000,0x0000000015ca0000)]
  0x000000001496d000 JavaThread "C1 CompilerThread1" daemon [_thread_blocked, id=7920, stack(0x0000000015aa0000,0x0000000015ba0000)]
=>0x0000000014969800 JavaThread "C2 CompilerThread0" daemon [_thread_in_native, id=7496, stack(0x00000000159a0000,0x0000000015aa0000)]
  0x0000000014968000 JavaThread "Attach Listener" daemon [_thread_blocked, id=5956, stack(0x00000000158a0000,0x00000000159a0000)]
  0x0000000014964800 JavaThread "Signal Dispatcher" daemon [_thread_blocked, id=7684, stack(0x00000000157a0000,0x00000000158a0000)]
  0x00000000024d2800 JavaThread "Finalizer" daemon [_thread_blocked, id=2080, stack(0x00000000155a0000,0x00000000156a0000)]
  0x0000000014937800 JavaThread "Reference Handler" daemon [_thread_blocked, id=7008, stack(0x00000000154a0000,0x00000000155a0000)]
  0x00000000023e0800 JavaThread "main" [_thread_in_vm, id=7444, stack(0x0000000002230000,0x0000000002330000)]

Other Threads:
  0x0000000014935800 VMThread [stack: 0x00000000153a0000,0x00000000154a0000] [id=4152]
  0x00000000149e4800 WatcherThread [stack: 0x0000000015ca0000,0x0000000015da0000] [id=2988]

VM state:not at safepoint (normal execution)

VM Mutex/Monitor currently owned by a thread: None

Heap:
 PSYoungGen      total 231936K, used 56962K [0x00000000eab00000, 0x00000000fff00000, 0x0000000100000000)
  eden space 116736K, 48% used [0x00000000eab00000,0x00000000ee2a0a38,0x00000000f1d00000)
  from space 115200K, 0% used [0x00000000f8e80000,0x00000000f8e80000,0x00000000fff00000)
  to   space 115712K, 0% used [0x00000000f1d00000,0x00000000f1d00000,0x00000000f8e00000)
 ParOldGen       total 517632K, used 272021K [0x00000000c0000000, 0x00000000df980000, 0x00000000eab00000)
  object space 517632K, 52% used [0x00000000c0000000,0x00000000d09a5720,0x00000000df980000)
 Metaspace       used 6511K, capacity 7192K, committed 7424K, reserved 1056768K
  class space    used 616K, capacity 656K, committed 768K, reserved 1048576K

Card table byte_map: [0x00000000118a0000,0x0000000011ab0000] byte_map_base: 0x00000000112a0000

Marking Bits: (ParMarkBitMap*) 0x0000000051afa5b0
 Begin Bits: [0x0000000011e10000, 0x0000000012e10000)
 End Bits:   [0x0000000012e10000, 0x0000000013e10000)

Polling page: 0x0000000000930000

CodeCache: size=245760Kb used=9759Kb max_used=10630Kb free=236000Kb
 bounds [0x00000000024e0000, 0x0000000002f70000, 0x00000000114e0000]
 total_blobs=2235 nmethods=1968 adapters=180
 compilation: enabled

Compilation events (10 events):
Event: 84.423 Thread 0x000000001496d000 nmethod 2468 0x0000000002819390 code [0x00000000028195c0, 0x000000000281a0b8]
Event: 84.424 Thread 0x0000000014969800 2469       4       com.android.dx.dex.cf.CfTranslator::translate0 (259 bytes)
Event: 84.426 Thread 0x000000001496d000 2470       3       com.android.dx.cf.attrib.AttRuntimeVisibleAnnotations::<init> (9 bytes)
Event: 84.427 Thread 0x000000001496d000 nmethod 2470 0x000000000276da90 code [0x000000000276dc00, 0x000000000276dda8]
Event: 84.460 Thread 0x000000001496d000 2477       2       com.android.dx.cf.direct.StdAttributeFactory::runtimeVisibleAnnotations (44 bytes)
Event: 84.461 Thread 0x000000001496d000 nmethod 2477 0x00000000028c5bd0 code [0x00000000028c5d60, 0x00000000028c60d8]
Event: 84.464 Thread 0x000000001496d000 2478 % !   3       com.android.dx.cf.code.BasicBlocker::doit @ 37 (156 bytes)
Event: 84.468 Thread 0x000000001496d000 nmethod 2478% 0x0000000002877950 code [0x0000000002877c00, 0x00000000028790b8]
Event: 84.468 Thread 0x000000001496d000 2479   !   3       com.android.dx.cf.code.BasicBlocker::doit (156 bytes)
Event: 84.471 Thread 0x000000001496d000 nmethod 2479 0x00000000027eb1d0 code [0x00000000027eb460, 0x00000000027ec7d8]

GC Heap History (10 events):
Event: 78.600 GC heap before
{Heap before GC invocations=23 (full 5):
 PSYoungGen      total 232960K, used 116736K [0x00000000eab00000, 0x0000000100000000, 0x0000000100000000)
  eden space 116736K, 100% used [0x00000000eab00000,0x00000000f1d00000,0x00000000f1d00000)
  from space 116224K, 0% used [0x00000000f1d00000,0x00000000f1d00000,0x00000000f8e80000)
  to   space 116224K, 0% used [0x00000000f8e80000,0x00000000f8e80000,0x0000000100000000)
 ParOldGen       total 384000K, used 208983K [0x00000000c0000000, 0x00000000d7700000, 0x00000000eab00000)
  object space 384000K, 54% used [0x00000000c0000000,0x00000000ccc15ec8,0x00000000d7700000)
 Metaspace       used 6508K, capacity 7192K, committed 7424K, reserved 1056768K
  class space    used 616K, capacity 656K, committed 768K, reserved 1048576K
Event: 78.705 GC heap after
Heap after GC invocations=23 (full 5):
 PSYoungGen      total 232960K, used 55600K [0x00000000eab00000, 0x0000000100000000, 0x0000000100000000)
  eden space 116736K, 0% used [0x00000000eab00000,0x00000000eab00000,0x00000000f1d00000)
  from space 116224K, 47% used [0x00000000f8e80000,0x00000000fc4cc240,0x0000000100000000)
  to   space 116224K, 0% used [0x00000000f1d00000,0x00000000f1d00000,0x00000000f8e80000)
 ParOldGen       total 384000K, used 208991K [0x00000000c0000000, 0x00000000d7700000, 0x00000000eab00000)
  object space 384000K, 54% used [0x00000000c0000000,0x00000000ccc17ec8,0x00000000d7700000)
 Metaspace       used 6508K, capacity 7192K, committed 7424K, reserved 1056768K
  class space    used 616K, capacity 656K, committed 768K, reserved 1048576K
}
Event: 78.957 GC heap before
{Heap before GC invocations=24 (full 5):
 PSYoungGen      total 232960K, used 172336K [0x00000000eab00000, 0x0000000100000000, 0x0000000100000000)
  eden space 116736K, 100% used [0x00000000eab00000,0x00000000f1d00000,0x00000000f1d00000)
  from space 116224K, 47% used [0x00000000f8e80000,0x00000000fc4cc240,0x0000000100000000)
  to   space 116224K, 0% used [0x00000000f1d00000,0x00000000f1d00000,0x00000000f8e80000)
 ParOldGen       total 384000K, used 208991K [0x00000000c0000000, 0x00000000d7700000, 0x00000000eab00000)
  object space 384000K, 54% used [0x00000000c0000000,0x00000000ccc17ec8,0x00000000d7700000)
 Metaspace       used 6508K, capacity 7192K, committed 7424K, reserved 1056768K
  class space    used 616K, capacity 656K, committed 768K, reserved 1048576K
Event: 79.175 GC heap after
Heap after GC invocations=24 (full 5):
 PSYoungGen      total 232960K, used 65584K [0x00000000eab00000, 0x0000000100000000, 0x0000000100000000)
  eden space 116736K, 0% used [0x00000000eab00000,0x00000000eab00000,0x00000000f1d00000)
  from space 116224K, 56% used [0x00000000f1d00000,0x00000000f5d0c2d8,0x00000000f8e80000)
  to   space 116224K, 0% used [0x00000000f8e80000,0x00000000f8e80000,0x0000000100000000)
 ParOldGen       total 384000K, used 264159K [0x00000000c0000000, 0x00000000d7700000, 0x00000000eab00000)
  object space 384000K, 68% used [0x00000000c0000000,0x00000000d01f7ea0,0x00000000d7700000)
 Metaspace       used 6508K, capacity 7192K, committed 7424K, reserved 1056768K
  class space    used 616K, capacity 656K, committed 768K, reserved 1048576K
}
Event: 79.726 GC heap before
{Heap before GC invocations=25 (full 5):
 PSYoungGen      total 232960K, used 182320K [0x00000000eab00000, 0x0000000100000000, 0x0000000100000000)
  eden space 116736K, 100% used [0x00000000eab00000,0x00000000f1d00000,0x00000000f1d00000)
  from space 116224K, 56% used [0x00000000f1d00000,0x00000000f5d0c2d8,0x00000000f8e80000)
  to   space 116224K, 0% used [0x00000000f8e80000,0x00000000f8e80000,0x0000000100000000)
 ParOldGen       total 384000K, used 264159K [0x00000000c0000000, 0x00000000d7700000, 0x00000000eab00000)
  object space 384000K, 68% used [0x00000000c0000000,0x00000000d01f7ea0,0x00000000d7700000)
 Metaspace       used 6508K, capacity 7192K, committed 7424K, reserved 1056768K
  class space    used 616K, capacity 656K, committed 768K, reserved 1048576K
Event: 79.862 GC heap after
Heap after GC invocations=25 (full 5):
 PSYoungGen      total 231936K, used 45588K [0x00000000eab00000, 0x00000000fff00000, 0x0000000100000000)
  eden space 116736K, 0% used [0x00000000eab00000,0x00000000eab00000,0x00000000f1d00000)
  from space 115200K, 39% used [0x00000000f8e80000,0x00000000fbb05278,0x00000000fff00000)
  to   space 115712K, 0% used [0x00000000f1d00000,0x00000000f1d00000,0x00000000f8e00000)
 ParOldGen       total 384000K, used 331533K [0x00000000c0000000, 0x00000000d7700000, 0x00000000eab00000)
  object space 384000K, 86% used [0x00000000c0000000,0x00000000d43c3578,0x00000000d7700000)
 Metaspace       used 6508K, capacity 7192K, committed 7424K, reserved 1056768K
  class space    used 616K, capacity 656K, committed 768K, reserved 1048576K
}
Event: 79.862 GC heap before
{Heap before GC invocations=26 (full 6):
 PSYoungGen      total 231936K, used 45588K [0x00000000eab00000, 0x00000000fff00000, 0x0000000100000000)
  eden space 116736K, 0% used [0x00000000eab00000,0x00000000eab00000,0x00000000f1d00000)
  from space 115200K, 39% used [0x00000000f8e80000,0x00000000fbb05278,0x00000000fff00000)
  to   space 115712K, 0% used [0x00000000f1d00000,0x00000000f1d00000,0x00000000f8e00000)
 ParOldGen       total 384000K, used 331533K [0x00000000c0000000, 0x00000000d7700000, 0x00000000eab00000)
  object space 384000K, 86% used [0x00000000c0000000,0x00000000d43c3578,0x00000000d7700000)
 Metaspace       used 6508K, capacity 7192K, committed 7424K, reserved 1056768K
  class space    used 616K, capacity 656K, committed 768K, reserved 1048576K
Event: 82.049 GC heap after
Heap after GC invocations=26 (full 6):
 PSYoungGen      total 231936K, used 0K [0x00000000eab00000, 0x00000000fff00000, 0x0000000100000000)
  eden space 116736K, 0% used [0x00000000eab00000,0x00000000eab00000,0x00000000f1d00000)
  from space 115200K, 0% used [0x00000000f8e80000,0x00000000f8e80000,0x00000000fff00000)
  to   space 115712K, 0% used [0x00000000f1d00000,0x00000000f1d00000,0x00000000f8e00000)
 ParOldGen       total 384000K, used 364226K [0x00000000c0000000, 0x00000000d7700000, 0x00000000eab00000)
  object space 384000K, 94% used [0x00000000c0000000,0x00000000d63b0960,0x00000000d7700000)
 Metaspace       used 6508K, capacity 7192K, committed 7424K, reserved 1056768K
  class space    used 616K, capacity 656K, committed 768K, reserved 1048576K
}
Event: 82.541 GC heap before
{Heap before GC invocations=27 (full 7):
 PSYoungGen      total 231936K, used 116736K [0x00000000eab00000, 0x00000000fff00000, 0x0000000100000000)
  eden space 116736K, 100% used [0x00000000eab00000,0x00000000f1d00000,0x00000000f1d00000)
  from space 115200K, 0% used [0x00000000f8e80000,0x00000000f8e80000,0x00000000fff00000)
  to   space 115712K, 0% used [0x00000000f1d00000,0x00000000f1d00000,0x00000000f8e00000)
 ParOldGen       total 384000K, used 364226K [0x00000000c0000000, 0x00000000d7700000, 0x00000000eab00000)
  object space 384000K, 94% used [0x00000000c0000000,0x00000000d63b0960,0x00000000d7700000)
 Metaspace       used 6508K, capacity 7192K, committed 7424K, reserved 1056768K
  class space    used 616K, capacity 656K, committed 768K, reserved 1048576K
Event: 84.287 GC heap after
Heap after GC invocations=27 (full 7):
 PSYoungGen      total 231936K, used 0K [0x00000000eab00000, 0x00000000fff00000, 0x0000000100000000)
  eden space 116736K, 0% used [0x00000000eab00000,0x00000000eab00000,0x00000000f1d00000)
  from space 115200K, 0% used [0x00000000f8e80000,0x00000000f8e80000,0x00000000fff00000)
  to   space 115712K, 0% used [0x00000000f1d00000,0x00000000f1d00000,0x00000000f8e00000)
 ParOldGen       total 517632K, used 272021K [0x00000000c0000000, 0x00000000df980000, 0x00000000eab00000)
  object space 517632K, 52% used [0x00000000c0000000,0x00000000d09a5720,0x00000000df980000)
 Metaspace       used 6508K, capacity 7192K, committed 7424K, reserved 1056768K
  class space    used 616K, capacity 656K, committed 768K, reserved 1048576K
}

Deoptimization events (10 events):
Event: 61.802 Thread 0x0000000016013000 Uncommon trap: reason=class_check action=maybe_recompile pc=0x000000000298425c method=com.android.dx.ssa.back.InterferenceGraph.add(II)V @ 19
Event: 61.802 Thread 0x0000000016013000 Uncommon trap: reason=class_check action=maybe_recompile pc=0x000000000298425c method=com.android.dx.ssa.back.InterferenceGraph.add(II)V @ 19
Event: 63.078 Thread 0x0000000016013000 Uncommon trap: reason=class_check action=maybe_recompile pc=0x0000000002c9fb7c method=com.android.dx.ssa.back.InterferenceGraph.mergeInterferenceSet(ILcom/android/dx/util/IntSet;)V @ 20
Event: 63.079 Thread 0x0000000016013000 Uncommon trap: reason=class_check action=maybe_recompile pc=0x0000000002c9fb7c method=com.android.dx.ssa.back.InterferenceGraph.mergeInterferenceSet(ILcom/android/dx/util/IntSet;)V @ 20
Event: 63.079 Thread 0x0000000016013000 Uncommon trap: reason=class_check action=maybe_recompile pc=0x0000000002c9fb7c method=com.android.dx.ssa.back.InterferenceGraph.mergeInterferenceSet(ILcom/android/dx/util/IntSet;)V @ 20
Event: 63.089 Thread 0x0000000016013000 Uncommon trap: reason=class_check action=maybe_recompile pc=0x0000000002c9fb7c method=com.android.dx.ssa.back.InterferenceGraph.mergeInterferenceSet(ILcom/android/dx/util/IntSet;)V @ 20
Event: 67.174 Thread 0x00000000162b2000 Uncommon trap: reason=class_check action=maybe_recompile pc=0x0000000002f48c58 method=com.android.dx.cf.code.BytecodeArray.parseInstruction(ILcom/android/dx/cf/code/BytecodeArray$Visitor;)I @ 2151
Event: 67.310 Thread 0x00000000160bb800 Uncommon trap: reason=class_check action=maybe_recompile pc=0x0000000002f48c58 method=com.android.dx.cf.code.BytecodeArray.parseInstruction(ILcom/android/dx/cf/code/BytecodeArray$Visitor;)I @ 2151
Event: 71.775 Thread 0x00000000162b2000 Uncommon trap: reason=unstable_if action=reinterpret pc=0x0000000002f5d850 method=com.android.dx.cf.code.RopperMachine.run(Lcom/android/dx/cf/code/Frame;II)V @ 1148
Event: 84.449 Thread 0x0000000015fbc000 Uncommon trap: reason=bimorphic action=maybe_recompile pc=0x00000000027f2368 method=com.android.dx.cf.code.BytecodeArray.parseInstruction(ILcom/android/dx/cf/code/BytecodeArray$Visitor;)I @ 2281

Internal exceptions (6 events):
Event: 0.151 Thread 0x00000000023e0800 Exception <a 'java/lang/NoSuchMethodError': Method sun.misc.Unsafe.defineClass(Ljava/lang/String;[BII)Ljava/lang/Class; name or signature does not match> (0x00000000eab0d4c8) thrown at [C:\re\workspace\8-2-build-windows-amd64-cygwin\jdk8u66\5298\hotspot\srøkSÃ?
Event: 0.151 Thread 0x00000000023e0800 Exception <a 'java/lang/NoSuchMethodError': Method sun.misc.Unsafe.prefetchRead(Ljava/lang/Object;J)V name or signature does not match> (0x00000000eab0d7b0) thrown at [C:\re\workspace\8-2-build-windows-amd64-cygwin\jdk8u66\5298\hotspot\src\share\vm\prims\j3rÉ©yT1@
Event: 17.330 Thread 0x0000000015fbc000 Exception <a 'java/lang/ArrayIndexOutOfBoundsException': 18> (0x00000000ec10f1e0) thrown at [C:\re\workspace\8-2-build-windows-amd64-cygwin\jdk8u66\5298\hotspot\src\share\vm\interpreter\interpreterRuntime.cpp, line 366]
Event: 17.332 Thread 0x0000000015fbc000 Exception <a 'java/lang/ArrayIndexOutOfBoundsException'> (0x00000000ec110d60) thrown at [C:\re\workspace\8-2-build-windows-amd64-cygwin\jdk8u66\5298\hotspot\src\share\vm\runtime\sharedRuntime.cpp, line 605]
Event: 17.335 Thread 0x0000000015fbc000 Exception <a 'java/lang/ArrayIndexOutOfBoundsException'> (0x00000000ec112048) thrown at [C:\re\workspace\8-2-build-windows-amd64-cygwin\jdk8u66\5298\hotspot\src\share\vm\runtime\sharedRuntime.cpp, line 605]
Event: 26.859 Thread 0x00000000160bb800 Implicit null exception at 0x0000000002cfb2ed to 0x0000000002cff351

Events (10 events):
Event: 82.235 Thread 0x0000000016013000 DEOPT UNPACKING pc=0x000000000252747f sp=0x0000000016d9e848 mode 0
Event: 82.541 Executing VM operation: ParallelGCFailedAllocation
Event: 84.288 Executing VM operation: ParallelGCFailedAllocation done
Event: 84.449 Thread 0x0000000015fbc000 Uncommon trap: trap_request=0xffffffc6 fr.pc=0x00000000027f2368
Event: 84.449 Thread 0x0000000015fbc000 DEOPT PACKING pc=0x00000000027f2368 sp=0x0000000016e9e9d0
Event: 84.449 Thread 0x0000000015fbc000 DEOPT UNPACKING pc=0x000000000252582a sp=0x0000000016e9e968 mode 2
Event: 84.472 Thread 0x0000000016013000 DEOPT PACKING pc=0x0000000002a30275 sp=0x0000000016d9e960
Event: 84.472 Thread 0x0000000016013000 DEOPT UNPACKING pc=0x000000000252747f sp=0x0000000016d9e6d0 mode 0
Event: 84.578 Thread 0x0000000015fbc000 DEOPT PACKING pc=0x000000000297e7ae sp=0x0000000016e9eb80
Event: 84.578 Thread 0x0000000015fbc000 DEOPT UNPACKING pc=0x000000000252747f sp=0x0000000016e9e8e0 mode 0


Dynamic libraries:
0x00007ff7ee450000 - 0x00007ff7ee487000 	C:\Program Files\Java\jdk1.8.0_66\bin\java.exe
0x00007ff9aa380000 - 0x00007ff9aa541000 	C:\WINDOWS\SYSTEM32\ntdll.dll
0x00007ff9aa260000 - 0x00007ff9aa30d000 	C:\WINDOWS\system32\KERNEL32.DLL
0x00007ff9a7870000 - 0x00007ff9a7a4d000 	C:\WINDOWS\system32\KERNELBASE.dll
0x00007ff9a7ff0000 - 0x00007ff9a8096000 	C:\WINDOWS\system32\ADVAPI32.dll
0x00007ff9a7a50000 - 0x00007ff9a7aed000 	C:\WINDOWS\system32\msvcrt.dll
0x00007ff9a7e30000 - 0x00007ff9a7e8b000 	C:\WINDOWS\system32\sechost.dll
0x00007ff9a7c90000 - 0x00007ff9a7db6000 	C:\WINDOWS\system32\RPCRT4.dll
0x00007ff9aa0f0000 - 0x00007ff9aa23e000 	C:\WINDOWS\system32\USER32.dll
0x00007ff9a7b00000 - 0x00007ff9a7c86000 	C:\WINDOWS\system32\GDI32.dll
0x00007ff998d80000 - 0x00007ff998ff4000 	C:\WINDOWS\WinSxS\amd64_microsoft.windows.common-controls_6595b64144ccf1df_6.0.10240.16384_none_f41f7b285750ef43\COMCTL32.dll
0x00007ff9a8970000 - 0x00007ff9a89a6000 	C:\WINDOWS\system32\IMM32.DLL
0x00007ff9a7e90000 - 0x00007ff9a7fec000 	C:\WINDOWS\system32\MSCTF.dll
0x0000000050e30000 - 0x0000000050f02000 	C:\Program Files\Java\jdk1.8.0_66\jre\bin\msvcr100.dll
0x00000000512f0000 - 0x0000000051b79000 	C:\Program Files\Java\jdk1.8.0_66\jre\bin\server\jvm.dll
0x00007ff9aa370000 - 0x00007ff9aa378000 	C:\WINDOWS\system32\PSAPI.DLL
0x00007ff99bc50000 - 0x00007ff99bc59000 	C:\WINDOWS\SYSTEM32\WSOCK32.dll
0x00007ff9a5400000 - 0x00007ff9a5423000 	C:\WINDOWS\SYSTEM32\WINMM.dll
0x00007ff99c0d0000 - 0x00007ff99c0da000 	C:\WINDOWS\SYSTEM32\VERSION.dll
0x00007ff9a5000000 - 0x00007ff9a502c000 	C:\WINDOWS\SYSTEM32\WINMMBASE.dll
0x00007ff9a7540000 - 0x00007ff9a7584000 	C:\WINDOWS\system32\cfgmgr32.dll
0x00007ff9a5680000 - 0x00007ff9a56a7000 	C:\WINDOWS\SYSTEM32\DEVOBJ.dll
0x00007ff9a82a0000 - 0x00007ff9a8309000 	C:\WINDOWS\system32\WS2_32.dll
0x00007ff9a7af0000 - 0x00007ff9a7af8000 	C:\WINDOWS\system32\NSI.dll
0x00000000512e0000 - 0x00000000512ef000 	C:\Program Files\Java\jdk1.8.0_66\jre\bin\verify.dll
0x00000000512b0000 - 0x00000000512d9000 	C:\Program Files\Java\jdk1.8.0_66\jre\bin\java.dll
0x0000000051290000 - 0x00000000512a6000 	C:\Program Files\Java\jdk1.8.0_66\jre\bin\zip.dll
0x00007ff9a8bc0000 - 0x00007ff9aa0e2000 	C:\WINDOWS\system32\SHELL32.dll
0x00007ff9a6f10000 - 0x00007ff9a7538000 	C:\WINDOWS\system32\windows.storage.dll
0x00007ff9a8370000 - 0x00007ff9a85ec000 	C:\WINDOWS\system32\combase.dll
0x00007ff9a7dc0000 - 0x00007ff9a7e11000 	C:\WINDOWS\system32\shlwapi.dll
0x00007ff9a6e00000 - 0x00007ff9a6e0f000 	C:\WINDOWS\system32\kernel.appcore.dll
0x00007ff9a6e50000 - 0x00007ff9a6f03000 	C:\WINDOWS\system32\shcore.dll
0x00007ff9a6db0000 - 0x00007ff9a6dfa000 	C:\WINDOWS\system32\powrprof.dll
0x00007ff9a6e10000 - 0x00007ff9a6e23000 	C:\WINDOWS\system32\profapi.dll

VM Arguments:
jvm_args: -Xmx1024M -Dfile.encoding=windows-1252 -Duser.country=AR -Duser.language=es -Duser.variant 
java_command: com.android.dx.command.Main --dex --num-threads=4 --output F:\Users\Emmanuel\Google Drive\Projects\Android Studio\TacticalDefence\app\build\intermediates\dex\debug F:\Users\Emmanuel\Google Drive\Projects\Android Studio\TacticalDefence\app\build\intermediates\classes-proguard\debug\classes.jar
java_class_path (initial): F:\Users\alumno\AppData\Local\Android\sdk\build-tools\23.0.2\lib\dx.jar
Launcher Type: SUN_STANDARD

Environment Variables:
JAVA_HOME=C:\Program Files\Java\jdk1.8.0_66
PATH=C:\Program Files\Java\jdk1.8.0_66\bin;C:\Program Files (x86)\NVIDIA Corporation\PhysX\Common;C:\Program Files (x86)\Intel\TXE Components\TCS\;C:\Program Files\Intel\TXE Components\TCS\;C:\WINDOWS\system32;C:\WINDOWS;C:\WINDOWS\System32\Wbem;C:\WINDOWS\System32\WindowsPowerShell\v1.0\;C:\Program Files (x86)\Common Files\Intel Education\Application Support;C:\Program Files (x86)\Security Innovation\TSS\bin\;C:\Program Files (x86)\Windows Live\Shared;F:\Users\alumno\AppData\Local\Android\sdk\platform-tools;C:\Program Files (x86)\Skype\Phone\;C:\Program Files\Microsoft SQL Server\120\Tools\Binn\;F:\MinGW\bin
USERNAME=alumno
OS=Windows_NT
PROCESSOR_IDENTIFIER=Intel64 Family 6 Model 55 Stepping 3, GenuineIntel



---------------  S Y S T E M  ---------------

OS: Windows 10.0 , 64 bit Build 10240 (10.0.10240.16384)

CPU:total 2 (2 cores per cpu, 1 threads per core) family 6 model 55 stepping 3, cmov, cx8, fxsr, mmx, sse, sse2, sse3, ssse3, sse4.1, sse4.2, popcnt, clmul, erms, 3dnowpref, tsc, tscinvbit

Memory: 4k page, physical 4068796k(280480k free), swap 6033220k(4368k free)

vm_info: Java HotSpot(TM) 64-Bit Server VM (25.66-b18) for windows-amd64 JRE (1.8.0_66-b18), built on Nov  9 2015 10:51:13 by "java_re" with MS VC++ 10.0 (VS2010)

time: Sat Nov 21 20:31:03 2015
elapsed time: 84 seconds (0d 0h 1m 24s)

